  bg.cpp
  コードを生成中...
  スキップ中... (関連する変更は検出されませんでした)
  xfile.cpp
  stone_effect.cpp
  stone.cpp
  sp_bar.cpp
  slashing_effect.cpp
  roar_fire.cpp
  resource_manager.cpp
  player.cpp
  motion.cpp
  modelanime.cpp
  model.cpp
  manager.cpp
  light_effect.cpp
  life_bar.cpp
  kobold.cpp
  impact.cpp
  guard_effect.cpp
  game.cpp
  fire.cpp
  enemy.cpp
  character.cpp
  camera.cpp
  3Dgame_2021.vcxproj -> C:\Users\student\Desktop\Kobold-Hunter\3Dgame-2021\3Dgame_2021\Debug\3Dgame_2021.exe
  3Dgame_2021.vcxproj -> C:\Users\student\Desktop\Kobold-Hunter\3Dgame-2021\3Dgame_2021\Debug\3Dgame_2021.pdb (Full PDB)
