  bg.cpp
  camera.cpp
  character.cpp
character.cpp(471): warning C4244: '=': 'float' から 'int' への変換です。データが失われる可能性があります。
  combo.cpp
  effect_3d.cpp
  effect_factory.cpp
  enemy.cpp
  fire.cpp
  gage.cpp
  game.cpp
  guard_effect.cpp
  impact.cpp
  kobold.cpp
  life_bar.cpp
  life_frame.cpp
  light_effect.cpp
  locus.cpp
  manager.cpp
  mesh_pillar.cpp
  mesh_tube.cpp
  コンパイル中...
  meshfield.cpp
  model.cpp
  modelanime.cpp
  motion.cpp
  number_3d.cpp
  particle.cpp
  player.cpp
  quest_logo.cpp
  resource_manager.cpp
  roar_fire.cpp
  slashing_effect.cpp
  sp_bar.cpp
  stone.cpp
  stone_effect.cpp
  texture.cpp
  title.cpp
  title_bg.cpp
  ui_operation.cpp
  ui_skill.cpp
  xfile.cpp
  コード生成しています。
  42 of 1206 functions ( 3.5%) were compiled, the rest were copied from previous compilation.
    0 functions were new in current compilation
    3 functions had inline decision re-evaluated but remain unchanged
  コード生成が終了しました。
  3Dgame_2021.vcxproj -> C:\Users\student\Desktop\Kobold-Hunter\3Dgame-2021\3Dgame_2021\Release\3Dgame_2021.exe
  3Dgame_2021.vcxproj -> C:\Users\student\Desktop\Kobold-Hunter\3Dgame-2021\3Dgame_2021\Release\3Dgame_2021.pdb (Full PDB)
